[2019/01/19][11:18:41:255][INFO]	: DSI version	1.15.0
[2019/01/19][11:18:41:256][INFO]	: Created Headset (1)
[2019/01/19][11:18:41:653][INFO]	: {
           'HardwareModel' : 'DK1',
        'HardwareRevision' : 'R1',
            'SerialNumber' : 4079,
             'SensorCount' : 6,
        'FirmwareRevision' : 'Mst 1.26,Jan 22 2018 (1:40,2:40,3:40,4:40) + Slv 1.26,Jan 22 2018 (1:40,2:40,3:40,4:40)',
'CalibrationLayoutVersion' : 2,
          'AllSourceNames' : 'A1A2 NR Pz P3 PO8 PO7 Oz NC NC NC NC NC NC NC NC NC NC NC NC NC NC NC NC NC TRG',
    'ConnectedSourceNames' : 'A1A2 Pz P3 PO8 PO7 Oz TRG',
        'FactoryReference' : 'P4',
  'ChosenDefaultReference' : 'A1A2',
                 'Montage' : 'P4-A1A2 Pz-A1A2 P3-A1A2 PO8-A1A2 PO7-A1A2 Oz-A1A2 TRG',
            'SamplingRate' : 300,
            'BatteryLevel' : [ -1, -1 ],
     'TimeOnboardClockSet' : '2019-01-19 11:18:41',
 'TimeOnboardClockQueried' : '2019-01-19 10:18:41',
     'TimeBatteryMeasured' : '',
              'FilterMode' : 1,
     'DataAcquisitionMode' : 1,
     'ImpedanceDriverMode' : 1,
         'AnalogResetMode' : 0,
}
[2019/01/19][11:18:41:653][INFO]	: DSI Headset Ready
[2019/01/19][11:19:09:920][INFO]	: Deleted Headset (1)
[2019/01/19][11:19:59:784][INFO]	: DSI version	1.15.0
[2019/01/19][11:19:59:784][INFO]	: Created Headset (2)
[2019/01/19][11:20:17:330][ERROR]	: Command failed too many times.
[2019/01/19][11:20:37:368][ERROR]	: Command failed too many times.
[2019/01/19][11:20:57:414][ERROR]	: Command failed too many times.
[2019/01/19][11:20:57:414][INFO]	: {
           'HardwareModel' : '???',
        'HardwareRevision' : '???',
            'SerialNumber' : 4294967295,
             'SensorCount' : 4294967295,
        'FirmwareRevision' : '??? () + ??? ()',
'CalibrationLayoutVersion' : 0,
          'AllSourceNames' : '',
    'ConnectedSourceNames' : '',
        'FactoryReference' : '',
  'ChosenDefaultReference' : '',
                 'Montage' : '',
            'SamplingRate' : -1,
            'BatteryLevel' : [ -1, -1 ],
     'TimeOnboardClockSet' : '',
 'TimeOnboardClockQueried' : '',
     'TimeBatteryMeasured' : '',
              'FilterMode' : -1,
     'DataAcquisitionMode' : -1,
     'ImpedanceDriverMode' : -1,
         'AnalogResetMode' : -1,
}
[2019/01/19][11:20:57:414][INFO]	: DSI Headset Ready
[2019/01/19][11:21:17:456][ERROR]	: Command failed too many times.
[2019/01/19][11:21:38:000][ERROR]	: Command failed too many times.
[2019/01/19][11:21:38:108][INFO]	: Deleted Headset (2)
