[2019/01/19][11:18:41:195][INFO]	: 
[2019/01/19][11:18:41:195][INFO]	: NEURABLE API LOG
[2019/01/19][11:18:41:195][INFO]	: Version:	2.0.0
[2019/01/19][11:18:41:195][INFO]	: Edition:	Research (HEAD:79d4a0b5)
[2019/01/19][11:18:41:195][INFO]	: 
[2019/01/19][11:18:41:200][INFO]	: Created User (1)
[2019/01/19][11:18:41:255][INFO]	: DSI version	1.15.0
[2019/01/19][11:18:41:256][INFO]	: Created Headset (1)
[2019/01/19][11:18:41:256][INFO]	: Diagnostics: START
[2019/01/19][11:18:41:257][INFO]	: Metadata Header: Trial
[2019/01/19][11:18:41:257][INFO]	: Default Metadata: -1
[2019/01/19][11:18:41:259][INFO]	: Enabling automatic predictions
[2019/01/19][11:18:41:259][INFO]	: Setting Sensitivity to 20
[2019/01/19][11:18:41:259][INFO]	: Setting Sensitivity to 20
[2019/01/19][11:18:41:259][INFO]	: Setting Sensitivity to 20
[2019/01/19][11:18:41:260][INFO]	: Instruction received to start all data acquisition
[2019/01/19][11:18:41:260][INFO]	: Starting data acquisition for classHeadset
[2019/01/19][11:18:41:261][INFO]	: Starting data acquisition for classEyeTrackerTobii
[2019/01/19][11:18:41:261][INFO]	: Device connecting on port COM3
[2019/01/19][11:18:41:261][INFO]	: Tobii Version: 1.3.0.35
[2019/01/19][11:18:41:423][INFO]	: Setting Sensitivity to 20
[2019/01/19][11:18:41:423][INFO]	: Setting Sensitivity to 20
[2019/01/19][11:18:41:423][INFO]	: Setting Sensitivity to 20
[2019/01/19][11:18:41:653][INFO]	: DSI Headset Ready
[2019/01/19][11:18:41:653][INFO]	: Connection Established for classHeadset
[2019/01/19][11:18:41:993][INFO]	: Created Tag (1)
[2019/01/19][11:18:42:028][INFO]	: Created Tag (2)
[2019/01/19][11:18:42:030][INFO]	: Created Tag (3)
[2019/01/19][11:18:42:031][INFO]	: Created Tag (4)
[2019/01/19][11:18:42:034][INFO]	: Created Tag (5)
[2019/01/19][11:18:42:079][INFO]	: Metadata Header: Trial,Num_Sequences
[2019/01/19][11:18:42:079][INFO]	: Default Metadata: -1,-1
[2019/01/19][11:18:42:080][INFO]	: Metadata Header: Trial,Num_Sequences,Sequence
[2019/01/19][11:18:42:080][INFO]	: Default Metadata: -1,-1,-1
[2019/01/19][11:18:42:080][INFO]	: Metadata Header: Trial,Num_Sequences,Sequence,Tag
[2019/01/19][11:18:42:080][INFO]	: Default Metadata: -1,-1,-1,-1
[2019/01/19][11:18:42:080][INFO]	: Metadata Header: Trial,Num_Sequences,Sequence,Tag,Label
[2019/01/19][11:18:42:080][INFO]	: Default Metadata: -1,-1,-1,-1,-1
[2019/01/19][11:18:42:080][INFO]	: Metadata Header: Trial,Num_Sequences,Sequence,Tag,Label,Flash_Event
[2019/01/19][11:18:42:080][INFO]	: Default Metadata: -1,-1,-1,-1,-1,-1
[2019/01/19][11:18:43:193][INFO]	: Eyetracker Ready
[2019/01/19][11:18:43:193][INFO]	: Connection Established for classEyeTrackerTobii
[2019/01/19][11:18:43:288][INFO]	: Received valid Tobii Eye Data
[2019/01/19][11:19:09:296][INFO]	: Diagnostics: STOP
[2019/01/19][11:19:09:298][INFO]	: Instruction received to stop all data acquisition
[2019/01/19][11:19:09:298][INFO]	: Stopping data acquisition for classHeadset
[2019/01/19][11:19:09:805][INFO]	: Data acquisition terminated for classHeadset
[2019/01/19][11:19:09:805][INFO]	: Stopping data acquisition for classEyeTrackerTobii
[2019/01/19][11:19:09:905][INFO]	: Data acquisition terminated for classEyeTrackerTobii
[2019/01/19][11:19:09:915][INFO]	: Instruction received to stop all data acquisition
[2019/01/19][11:19:09:920][INFO]	: Disconnecting after 28.7218 seconds of activity
[2019/01/19][11:19:09:920][INFO]	: Instruction received to stop all data acquisition
[2019/01/19][11:19:09:920][INFO]	: Preparing to disconnect Simulated Headset
[2019/01/19][11:19:09:920][INFO]	: Disconnected Simulated Headset
[2019/01/19][11:19:09:920][INFO]	: Deleted Headset (1)
[2019/01/19][11:19:09:979][INFO]	: Destroyed User (1)
[2019/01/19][11:19:10:142][INFO]	: Deleted Tag (5)
[2019/01/19][11:19:10:142][INFO]	: Deleted Tag (4)
[2019/01/19][11:19:10:142][INFO]	: Deleted Tag (1)
[2019/01/19][11:19:10:142][INFO]	: Deleted Tag (2)
[2019/01/19][11:19:10:142][INFO]	: Deleted Tag (3)
[2019/01/19][11:19:10:142][INFO]	: All Neurable Objects destroyed


[2019/01/19][11:19:59:729][INFO]	: Created User (2)
[2019/01/19][11:19:59:784][INFO]	: DSI version	1.15.0
[2019/01/19][11:19:59:784][INFO]	: Created Headset (2)
[2019/01/19][11:19:59:784][INFO]	: Diagnostics: START
[2019/01/19][11:19:59:786][INFO]	: Metadata Header: Trial
[2019/01/19][11:19:59:786][INFO]	: Default Metadata: -1
[2019/01/19][11:19:59:787][INFO]	: Enabling automatic predictions
[2019/01/19][11:19:59:788][INFO]	: Setting Sensitivity to 20
[2019/01/19][11:19:59:788][INFO]	: Setting Sensitivity to 20
[2019/01/19][11:19:59:788][INFO]	: Setting Sensitivity to 20
[2019/01/19][11:19:59:789][INFO]	: Instruction received to start all data acquisition
[2019/01/19][11:19:59:789][INFO]	: Starting data acquisition for classHeadset
[2019/01/19][11:19:59:789][INFO]	: Device connecting on port COM3
[2019/01/19][11:19:59:789][INFO]	: Starting data acquisition for classEyeTrackerTobii
[2019/01/19][11:19:59:789][INFO]	: Tobii Version: 1.3.0.35
[2019/01/19][11:19:59:822][INFO]	: Eyetracker Ready
[2019/01/19][11:19:59:822][INFO]	: Connection Established for classEyeTrackerTobii
[2019/01/19][11:19:59:932][INFO]	: Setting Sensitivity to 20
[2019/01/19][11:19:59:932][INFO]	: Setting Sensitivity to 20
[2019/01/19][11:19:59:932][INFO]	: Setting Sensitivity to 20
[2019/01/19][11:20:00:368][INFO]	: Created Tag (6)
[2019/01/19][11:20:00:382][INFO]	: Created Tag (7)
[2019/01/19][11:20:00:384][INFO]	: Created Tag (8)
[2019/01/19][11:20:00:385][INFO]	: Created Tag (9)
[2019/01/19][11:20:00:389][INFO]	: Created Tag (10)
[2019/01/19][11:20:00:427][INFO]	: Metadata Header: Trial,Num_Sequences
[2019/01/19][11:20:00:427][INFO]	: Default Metadata: -1,-1
[2019/01/19][11:20:00:427][INFO]	: Metadata Header: Trial,Num_Sequences,Sequence
[2019/01/19][11:20:00:427][INFO]	: Default Metadata: -1,-1,-1
[2019/01/19][11:20:00:427][INFO]	: Metadata Header: Trial,Num_Sequences,Sequence,Tag
[2019/01/19][11:20:00:427][INFO]	: Default Metadata: -1,-1,-1,-1
[2019/01/19][11:20:00:427][INFO]	: Metadata Header: Trial,Num_Sequences,Sequence,Tag,Label
[2019/01/19][11:20:00:427][INFO]	: Default Metadata: -1,-1,-1,-1,-1
[2019/01/19][11:20:00:428][INFO]	: Metadata Header: Trial,Num_Sequences,Sequence,Tag,Label,Flash_Event
[2019/01/19][11:20:00:428][INFO]	: Default Metadata: -1,-1,-1,-1,-1,-1
[2019/01/19][11:20:12:514][INFO]	: Diagnostics: STOP
[2019/01/19][11:20:12:514][INFO]	: Instruction received to stop all data acquisition
[2019/01/19][11:20:12:515][INFO]	: Stopping data acquisition for classHeadset
[2019/01/19][11:20:17:516][WARNING]	: A Global::waitForCondition encountered maxDelay (5000ms) and continued despite a failed listener
[2019/01/19][11:20:17:516][ERROR]	: Could not disconnect cleanly - is device classHeadset properly informing connection status?
[2019/01/19][11:20:57:414][INFO]	: DSI Headset Ready
[2019/01/19][11:20:57:414][INFO]	: Connection Established for classHeadset
[2019/01/19][11:21:38:000][INFO]	: Data acquisition terminated for classHeadset
[2019/01/19][11:21:38:000][INFO]	: Stopping data acquisition for classEyeTrackerTobii
[2019/01/19][11:21:38:100][INFO]	: Data acquisition terminated for classEyeTrackerTobii
[2019/01/19][11:21:38:101][INFO]	: Instruction received to stop all data acquisition
[2019/01/19][11:21:38:108][INFO]	: Disconnecting after 98.38 seconds of activity
[2019/01/19][11:21:38:108][INFO]	: Instruction received to stop all data acquisition
[2019/01/19][11:21:38:108][INFO]	: Preparing to disconnect Simulated Headset
[2019/01/19][11:21:38:108][INFO]	: Disconnected Simulated Headset
[2019/01/19][11:21:38:108][INFO]	: Deleted Headset (2)
[2019/01/19][11:21:38:132][INFO]	: Destroyed User (2)
[2019/01/19][11:21:38:296][ERROR]	: User(1) could not be found
[2019/01/19][11:21:38:305][INFO]	: Deleted Tag (10)
[2019/01/19][11:21:38:305][INFO]	: Deleted Tag (9)
[2019/01/19][11:21:38:305][INFO]	: Deleted Tag (6)
[2019/01/19][11:21:38:305][INFO]	: Deleted Tag (7)
[2019/01/19][11:21:38:305][INFO]	: Deleted Tag (8)
[2019/01/19][11:21:38:305][INFO]	: All Neurable Objects destroyed


